Arguments: 
  /usr/bin/node /usr/local/bin/yarn add web3

PATH: 
  /usr/local/sbin:/usr/local/bin:/usr/sbin:/usr/bin:/sbin:/bin:/usr/games:/usr/local/games:/snap/bin

Yarn version: 
  1.16.0

Node version: 
  10.16.0

Platform: 
  linux x64

Trace: 
  SyntaxError: /home/ims/SOLIDITY/package.json: Unexpected end of JSON input
      at JSON.parse (<anonymous>)
      at /usr/local/lib/node_modules/yarn/lib/cli.js:1625:59
      at Generator.next (<anonymous>)
      at step (/usr/local/lib/node_modules/yarn/lib/cli.js:304:30)
      at /usr/local/lib/node_modules/yarn/lib/cli.js:315:13

npm manifest: 
  {
    "name": "timeoraclize",
    "version": "1.0.0",
    "description": "contraro con timer de oraclize",
    "main": "index.js",
    "scripts": {
      "test": "mocha --exit",
      "deploy": "node deploy.js"
    },
    "author": "",
    "license": "ISC",
    "devDependencies": {
      "mocha": "^6.1.4",
      "solc": "^0.4.25"
    },
    "dependencies": {
      "ganache-cli": "^6.4.3",
      "truffle-hdwallet-provider": "^1.0.9",
      "web3": "^1.0.0-beta.55"
  }

yarn manifest: 
  No manifest

Lockfile: 
  No lockfile
